REXPaint v1.60

I=0000000 Initializing resources
I=0000004 Initializing Rogue Engine X
I=0000005 |   Starting SDL
I=0000092 |   Importing icon
E=0000092 |   REX_Init() | Application icon "rex/icon.png" not found, this program may not be installed correctly!
I=0000092 |   Confirmed resource initialization
I=0000092 |   Loading colors
I=0000092 |   Initializing font type data
I=0000092 |   Mapping standard ASCII values
I=0000092 |   Loading fonts
I=0000093 |   |   [font set: CP437 12x12]
I=0000099 |   |   ...cp437_12x12.png
I=0000102 |   |   ...cp437_12x12.png
I=0000102 |   |   [font set ignored: CP437 14x14] (resolution exceeds desktop)
I=0000102 |   |   [font set ignored: CP437 16x16] (resolution exceeds desktop)
I=0000102 |   |   [font set ignored: CP437 18x18] (resolution exceeds desktop)
I=0000102 |   |   [font set ignored: CP437 20x20] (resolution exceeds desktop)
I=0000102 |   |   [font set: CP437 8x8]
I=0000109 |   |   ...cp437_8x8.png
I=0000112 |   |   ...cp437_8x8.png
I=0000113 |   |   [font set: CP437 10x10]
I=0000119 |   |   ...cp437_10x10.png
I=0000124 |   |   ...cp437_10x10.png
I=0000124 |   \---DONE
I=0000124 |   Setting video mode
I=0000124 |   |   Calculating dimensions
I=0000124 |   |   ...charW=12
I=0000124 |   |   ...charH=12
I=0000124 |   |   ...wMin=936
I=0000125 |   |   ...hMin=720
I=0000125 |   |   ...wWanted=936
I=0000125 |   |   ...hWanted=720
I=0000125 |   |   All video modes available
I=0000125 |   |   Setting software video mode
I=0000140 |   \---DONE
I=0000140 |   Setting video mode
I=0000140 |   |   Calculating dimensions
I=0000140 |   |   ...charW=12
I=0000140 |   |   ...charH=12
I=0000140 |   |   ...wMin=936
I=0000140 |   |   ...hMin=720
I=0000140 |   |   ...wWanted=936
I=0000140 |   |   ...hWanted=720
I=0000140 |   |   All video modes available
I=0000140 |   |   Setting software video mode
I=0000147 |   \---DONE
I=0000147 |   Initializing audio
I=0000249 |   Creating console
I=0000251 \---DONE
I=0000251 Setting video mode
I=0000251 |   Calculating dimensions
I=0000251 |   ...charW=10
I=0000251 |   ...charH=10
I=0000251 |   ...wMin=780
I=0000252 |   ...hMin=600
I=0000252 |   ...wWanted=780
I=0000252 |   ...hWanted=600
I=0000252 |   All video modes available
I=0000252 |   Setting software video mode
I=0000268 \---DONE
I=0000272 RP::initialize() | Initializing program
I=0000272 |   Mapping font glyphs
I=0000272 |   Creating game consoles
I=0000272 |   CProgram() | Creating CProgram
I=0000272 |   |   Initializing input domains and commands
I=0000273 |   |   Loading inline colors
I=0000273 |   \---DONE
I=0000273 |   Creating top-level consoles
I=0000273 |   ...CPaint
I=0000274 |   Loading palette: Palette
I=0000277 |   ...CBrowse
I=0000278 |   ...CCanvas
I=0000280 |   ...CPicker
I=0000281 |   ...CFilename
I=0000281 |   ...CResize
I=0000281 |   ...CConfirm
I=0000281 |   ...COptions
I=0000281 |   ...CCommands
I=0000282 |   ...CMessage
I=0000282 |   ...CMessage 2

I=0000283I= 0000283\--- |   Http::newsCheck() | Checking version and retrieving newsDONE
I=0000283 |   Starting REX loop
I=0000283 |   Resolving address...
I=0000339 |   Connecting...
I=0000377 |   Sending content...
I=0000378 |   Waiting for ACK...
I=0000898 |   Got 385 bytes: HTTP/1.1 200 OK
Date: Mon, 11 Jan 2021 05:51:47 GMT
Server: Apache
Upgrade: h2,h2c
Connection: Upgrade
Vary: Accept-Encoding
X-Content-Type-Options: nosniff
X-XSS-Protection: 1; mode=block
Transfer-Encoding: chunked
Content-Type: text/html; charset=UTF-8

70
version_v1.60:REXPaint v1.60 is out! See the announcement on Grid Sage Forums for the latest version info.</END>

I=0000898 |   POST succeeded
I=0000898 |   Closing socket...
I=0000898 \---DONE
I=0008296 Saving config
I=0008298 exitREXPaint() | Cleaning up program before exit